<?xml version="1.0" encoding="UTF-8"?>
<!-- Generated by org.testng.reporters.JUnitReportReporter -->
<testsuite hostname="Rithvik" name="LoginWithparameters.LoginWithBothCorrect" tests="1" failures="0" timestamp="2 Jun 2020 17:03:55 GMT" time="23.339" errors="0">
  <testcase name="LoginbothCorrect" time="23.339" classname="LoginWithparameters.LoginWithBothCorrect"/>
</testsuite> <!-- LoginWithparameters.LoginWithBothCorrect -->
