<?xml version="1.0" encoding="UTF-8"?>
<!-- Generated by org.testng.reporters.JUnitReportReporter -->
<testsuite hostname="Rithvik" name="LoginWithparameters.LoginWithBothIncorrect" tests="1" failures="0" timestamp="2 Jun 2020 17:03:55 GMT" time="16.401" errors="0">
  <testcase name="LoginbothCorrect" time="16.401" classname="LoginWithparameters.LoginWithBothIncorrect"/>
</testsuite> <!-- LoginWithparameters.LoginWithBothIncorrect -->
