<?xml version="1.0" encoding="UTF-8"?>
<!-- Generated by org.testng.reporters.JUnitReportReporter -->
<testsuite hostname="Rithvik" name="LoginWithDataProvider.LoginFB" tests="2" failures="0" timestamp="2 Jun 2020 17:10:19 GMT" time="40.220" errors="0">
  <testcase name="LoginbothCorrect" time="23.114" classname="LoginWithDataProvider.LoginFB"/>
  <testcase name="LoginbothCorrect" time="17.106" classname="LoginWithDataProvider.LoginFB"/>
</testsuite> <!-- LoginWithDataProvider.LoginFB -->
